<?xml version="1.0" encoding="UTF-8"?>
<!-- Generated by org.testng.reporters.JUnitXMLReporter -->
<testsuite hostname="sai" ignored="0" name="Sprint1" tests="3" failures="1" timestamp="30 May 2018 03:34:39 GMT" time="0.075" errors="0">
  <testcase name="testFB" time="0.014" classname="testngclasses.TestCase1"/>
  <testcase name="testTwitter" time="0.009" classname="testngclasses.TestCase2"/>
  <testcase name="testWord" time="0.011" classname="testngclasses.TestCase3">
    <failure type="java.lang.AssertionError" message="expected [true] but found [false]">
      <![CDATA[java.lang.AssertionError: expected [true] but found [false]
at testngclasses.TestCase3.testWord(TestCase3.java:11)
... Removed 29 stack frames]]>
    </failure>
  </testcase> <!-- testWord -->
</testsuite> <!-- Sprint1 -->
