<?xml version="1.0" encoding="UTF-8"?>
<!-- Generated by org.testng.reporters.JUnitXMLReporter -->
<testsuite hostname="sai" ignored="0" name="Sprint1(failed)" tests="1" failures="1" timestamp="30 May 2018 03:39:14 GMT" time="0.064" errors="0">
  <testcase name="testWord" time="0.021" classname="testngclasses.TestCase3">
    <failure type="java.lang.AssertionError" message="expected [true] but found [false]">
      <![CDATA[java.lang.AssertionError: expected [true] but found [false]
at testngclasses.TestCase3.testWord(TestCase3.java:11)
... Removed 29 stack frames]]>
    </failure>
  </testcase> <!-- testWord -->
</testsuite> <!-- Sprint1(failed) -->
